This is e-pTeX, Version 3.1415926-p3.3-110825-2.5 (sjis) (TeX Live 2012/W32TeX) (format=platex 2012.8.4)  22 NOV 2012 05:50
entering extended mode
 restricted \write18 enabled.
 %&-line parsing enabled.
**report.tex
(./report.tex
pLaTeX2e <2006/11/10>+0 (based on LaTeX2e <2011/06/27> patch level 0)
Babel <v3.8m> and hyphenation patterns for english, german-x-2012-05-30, ngerma
n-x-2012-05-30, afrikaans, ancientgreek, ibycus, arabic, armenian, basque, bulg
arian, catalan, pinyin, coptic, croatian, czech, danish, dutch, ukenglish, usen
glishmax, esperanto, estonian, ethiopic, farsi, finnish, french, friulan, galic
ian, german, ngerman, swissgerman, monogreek, greek, hungarian, icelandic, assa
mese, bengali, gujarati, hindi, kannada, malayalam, marathi, oriya, panjabi, ta
mil, telugu, indonesian, interlingua, irish, italian, kurmanji, latin, latvian,
 lithuanian, mongolian, mongolianlmc, bokmal, nynorsk, polish, portuguese, roma
nian, romansh, russian, sanskrit, serbian, serbianc, slovak, slovenian, spanish
, swedish, turkish, turkmen, ukrainian, uppersorbian, welsh, dumylang, nohyphen
ation, loaded.
(c:/w32tex/share/texmf/tex/platex/base/jarticle.cls
Document Class: jarticle 2006/06/27 v1.6 Standard pLaTeX class
\c@@paper=\count81
(c:/w32tex/share/texmf/tex/platex/base/jsize10.clo
File: jsize10.clo 2006/06/27 v1.6 Standard pLaTeX file (size option)
)
\c@part=\count82
\c@section=\count83
\c@subsection=\count84
\c@subsubsection=\count85
\c@paragraph=\count86
\c@subparagraph=\count87
\c@figure=\count88
\c@table=\count89
\abovecaptionskip=\skip41
\belowcaptionskip=\skip42
\symmincho=\mathgroup4
LaTeX Font Info:    Overwriting symbol font `mincho' in version `bold'
(Font)                  JY1/mc/m/n --> JY1/gt/m/n on input line 601.
\toclineskip=\dimen118
\@lnumwidth=\dimen119
\bibindent=\dimen120
\heisei=\count90
)

LaTeX Warning: You have requested, on input line 1, version
               `2012/05/15' of document class jarticle,
               but only version
               `2006/06/27 v1.6 Standard pLaTeX class'
               is available.

(c:/w32tex/share/texmf/tex/latex/graphics/graphicx.sty
Package: graphicx 1999/02/16 v1.0f Enhanced LaTeX Graphics (DPC,SPQR)

(c:/w32tex/share/texmf/tex/latex/graphics/keyval.sty
Package: keyval 1999/03/16 v1.13 key=value parser (DPC)
\KV@toks@=\toks15
)
(c:/w32tex/share/texmf/tex/latex/graphics/graphics.sty
Package: graphics 2009/02/05 v1.0o Standard LaTeX Graphics (DPC,SPQR)

(c:/w32tex/share/texmf/tex/latex/graphics/trig.sty
Package: trig 1999/03/16 v1.09 sin cos tan (DPC)
)
(c:/w32tex/share/texmf/tex/latex/config/graphics.cfg
File: graphics.cfg 2010/04/23 v1.9 graphics configuration of TeX Live
)
Package graphics Info: Driver file: dvips.def on input line 91.

(c:/w32tex/share/texmf/tex/latex/graphics/dvips.def
File: dvips.def 1999/02/16 v3.0i Driver-dependant file (DPC,SPQR)
))
\Gin@req@height=\dimen121
\Gin@req@width=\dimen122
)
(c:/w32tex/share/texmf/tex/latex209/misc/misc.sty
\pmboffset=\dimen123
\lineno=\count91
)
(c:/w32tex/share/texmf/tex/latex/listings/listings.sty
\lst@mode=\count92
\lst@gtempboxa=\box41
\lst@token=\toks16
\lst@length=\count93
\lst@currlwidth=\dimen124
\lst@column=\count94
\lst@pos=\count95
\lst@lostspace=\dimen125
\lst@width=\dimen126
\lst@newlines=\count96
\lst@lineno=\count97
\lst@maxwidth=\dimen127

(c:/w32tex/share/texmf/tex/latex/listings/lstmisc.sty
File: lstmisc.sty 2007/02/22 1.4 (Carsten Heinz)
\c@lstnumber=\count98
\lst@skipnumbers=\count99
\lst@framebox=\box42
)
(c:/w32tex/share/texmf/tex/latex/listings/listings.cfg
File: listings.cfg 2007/02/22 1.4 listings configuration
))
Package: listings 2007/02/22 1.4 (Carsten Heinz)
 (./jlisting.sty
Package: jlisting 2006/02/20 0.2 (Thor)
\lst@nextchar=\count100
\lst@inputfile=\read1
)
No file report.aux.
\openout1 = `report.aux'.

LaTeX Font Info:    Checking defaults for OML/cmm/m/it on input line 5.
LaTeX Font Info:    ... okay on input line 5.
LaTeX Font Info:    Checking defaults for T1/cmr/m/n on input line 5.
LaTeX Font Info:    ... okay on input line 5.
LaTeX Font Info:    Checking defaults for OT1/cmr/m/n on input line 5.
LaTeX Font Info:    ... okay on input line 5.
LaTeX Font Info:    Checking defaults for OMS/cmsy/m/n on input line 5.
LaTeX Font Info:    ... okay on input line 5.
LaTeX Font Info:    Checking defaults for OMX/cmex/m/n on input line 5.
LaTeX Font Info:    ... okay on input line 5.
LaTeX Font Info:    Checking defaults for U/cmr/m/n on input line 5.
LaTeX Font Info:    ... okay on input line 5.
LaTeX Font Info:    Checking defaults for JY1/mc/m/n on input line 5.
LaTeX Font Info:    ... okay on input line 5.
LaTeX Font Info:    Checking defaults for JT1/mc/m/n on input line 5.
LaTeX Font Info:    ... okay on input line 5.
\c@lstlisting=\count101
LaTeX Font Info:    Font shape `JT1/mc/bx/n' in size <14.4> not available
(Font)              Font shape `JT1/gt/m/n' tried instead on input line 6.
LaTeX Font Info:    Font shape `JY1/mc/bx/n' in size <14.4> not available
(Font)              Font shape `JY1/gt/m/n' tried instead on input line 6.
LaTeX Font Info:    Font shape `JT1/mc/bx/n' in size <12> not available
(Font)              Font shape `JT1/gt/m/n' tried instead on input line 10.
LaTeX Font Info:    Font shape `JY1/mc/bx/n' in size <12> not available
(Font)              Font shape `JY1/gt/m/n' tried instead on input line 10.
[1

]
LaTeX Font Info:    Font shape `JT1/mc/bx/n' in size <10> not available
(Font)              Font shape `JT1/gt/m/n' tried instead on input line 37.
LaTeX Font Info:    Font shape `JY1/mc/bx/n' in size <10> not available
(Font)              Font shape `JY1/gt/m/n' tried instead on input line 37.


LaTeX Warning: Reference `src:void.c' on page 2 undefined on input line 37.

(./void.c) [2] [3]
Overfull \hbox (213.52264pt too wide) in paragraph at lines 53--53
[][][][][][][][][][][][][][][][][][][][][][][][][][][][][][][][][][][][][][][][
][][][] 
 []


Overfull \hbox (17.40381pt too wide) in paragraph at lines 53--53
[][][][][][][][][][][][][][][][][][][][][][][][] 
 []


Overfull \hbox (22.1872pt too wide) in paragraph at lines 53--53
[][][][][][][][][][][][][][][][][][][][][][][][] 
 []


Overfull \hbox (223.08942pt too wide) in paragraph at lines 53--53
[][][][][][][][][][][][][][][][][][][][][][][][][][][][][][][][][][][][][][][][
][][][][][][][][][] 
 []


Overfull \hbox (3.05365pt too wide) in paragraph at lines 53--53
[][][][][][][][][][][][][][][][][][][][][][][][][][][][][] 
 []

LaTeX Font Info:    External font `cmex10' loaded for size
(Font)              <7> on input line 53.
LaTeX Font Info:    External font `cmex10' loaded for size
(Font)              <5> on input line 53.
LaTeX Font Info:    Try loading font information for OML+cmr on input line 53.
(c:/w32tex/share/texmf/tex/latex/base/omlcmr.fd
File: omlcmr.fd 1999/05/25 v2.5h Standard LaTeX font definitions
)
LaTeX Font Info:    Font shape `OML/cmr/m/n' in size <7> not available
(Font)              Font shape `OML/cmm/m/it' tried instead on input line 53.

Overfull \hbox (46.10413pt too wide) in paragraph at lines 53--53
[][][][][][][][][][][][][][][][][][][][][] 
 []


Overfull \hbox (17.40381pt too wide) in paragraph at lines 53--53
[][][][][][][][][][][][][][][][][][][][][][][][][][][][][][][] 
 []


Overfull \hbox (213.52264pt too wide) in paragraph at lines 53--53
[][][][][][][][][][][][][][][][][][][][][][][][][][][][][][][][][][][][][][][][
][][][][][][][][][] 
 []


Overfull \hbox (22.1872pt too wide) in paragraph at lines 53--53
[][][][][][][][][][][][][][][][][][][][][][][][][][][][][][][] 
 []


Overfull \hbox (46.10413pt too wide) in paragraph at lines 53--53
[][][][][][][][][][][][][][][][][][][][][][][][][][][] 
 []


Overfull \hbox (89.1546pt too wide) in paragraph at lines 53--53
[][][][][][][][][][][][][][][][][][][][][][][][][][][][][][][][][][][][][][][] 

 []

[4]
Overfull \hbox (213.52264pt too wide) in paragraph at lines 59--59
[][][][][][][][][][][][][][][][][][][][][][][][][][][][][][][][][][][][][][][][
][][][] 
 []


Overfull \hbox (17.40381pt too wide) in paragraph at lines 59--59
[][][][][][][][][][][][][][][][][][][][][][][][] 
 []


Overfull \hbox (22.1872pt too wide) in paragraph at lines 59--59
[][][][][][][][][][][][][][][][][][][][][][][][] 
 []


Overfull \hbox (223.08942pt too wide) in paragraph at lines 59--59
[][][][][][][][][][][][][][][][][][][][][][][][][][][][][][][][][][][][][][][][
][][][][][][][][][] 
 []


Overfull \hbox (3.05365pt too wide) in paragraph at lines 59--59
[][][][][][][][][][][][][][][][][][][][][][][][][][][][][] 
 []


Overfull \hbox (3.05365pt too wide) in paragraph at lines 59--59
[][][][][][][][][][][][][][][] 
 []


Overfull \hbox (3.05365pt too wide) in paragraph at lines 59--59
[][][][][][][][][][][][][][][] 
 []


Overfull \hbox (31.75397pt too wide) in paragraph at lines 59--59
[][][][][][][][][][][][][][][][][][][][][] 
 []


Overfull \hbox (84.37122pt too wide) in paragraph at lines 59--59
[][][][][][][][][][][][][][][][][][][][][][][][][][][][][][][][][] 
 []


Overfull \hbox (213.52264pt too wide) in paragraph at lines 59--59
[][][][][][][][][][][][][][][][][][][][][][][][][][][][][][][][][][][][][][][][
][][][][][][][][][] 
 []


Overfull \hbox (22.1872pt too wide) in paragraph at lines 59--59
[][][][][][][][][][][][][][][][][][][][][][][][][][][][][][][] 
 []


Overfull \hbox (46.10413pt too wide) in paragraph at lines 59--59
[][][][][][][][][][][][][][][][][][][][][][][][][][][] 
 []

[5]

LaTeX Warning: Reference `kadai3flow' on page 6 undefined on input line 63.

File: kadai3flow.eps Graphic file (type eps)
<kadai3flow.eps>
Overfull \hbox (213.52264pt too wide) in paragraph at lines 71--71
[][][][][][][][][][][][][][][][][][][][][][][][][][][][][][][][][][][][][][][][
][][][] 
 []


Overfull \hbox (17.40381pt too wide) in paragraph at lines 71--71
[][][][][][][][][][][][][][][][][][][][][][][][] 
 []


Overfull \hbox (22.1872pt too wide) in paragraph at lines 71--71
[][][][][][][][][][][][][][][][][][][][][][][][] 
 []


Overfull \hbox (223.08942pt too wide) in paragraph at lines 71--71
[][][][][][][][][][][][][][][][][][][][][][][][][][][][][][][][][][][][][][][][
][][][][][][][][][] 
 []


Overfull \hbox (3.05365pt too wide) in paragraph at lines 71--71
[][][][][][][][][][][][][][][][][][][][][][][][][][][][][] 
 []


Overfull \hbox (12.62042pt too wide) in paragraph at lines 71--71
[][][][][][][][][][][][][][][][][][][] 
 []


Overfull \hbox (55.6709pt too wide) in paragraph at lines 71--71
[][][][][][][][][][][][][][][][][][][][][][][][][][][][][][][][][][] 
 []


Overfull \hbox (194.3891pt too wide) in paragraph at lines 71--71
[][][][][][][][][][][][][][][][][][][][][][][][][][][][][][][][][][][][][][][][
][][][][][][][] 
 []


Overfull \hbox (98.72137pt too wide) in paragraph at lines 71--71
[][][][][][][][][][][][][][][][][][][][][][][][][][][][][][][][][] 
 []

[6]
Overfull \hbox (213.52264pt too wide) in paragraph at lines 77--77
[][][][][][][][][][][][][][][][][][][][][][][][][][][][][][][][][][][][][][][][
][][][] 
 []


Overfull \hbox (17.40381pt too wide) in paragraph at lines 77--77
[][][][][][][][][][][][][][][][][][][][][][][][] 
 []


Overfull \hbox (22.1872pt too wide) in paragraph at lines 77--77
[][][][][][][][][][][][][][][][][][][][][][][][] 
 []


Overfull \hbox (223.08942pt too wide) in paragraph at lines 77--77
[][][][][][][][][][][][][][][][][][][][][][][][][][][][][][][][][][][][][][][][
][][][][][][][][][] 
 []


Overfull \hbox (3.05365pt too wide) in paragraph at lines 77--77
[][][][][][][][][][][][][][][][][][][][][][][][][][][][][] 
 []


Overfull \hbox (60.45428pt too wide) in paragraph at lines 77--77
[][][][][][][][][][][][][][][][][][][][] 
 []


Overfull \hbox (55.6709pt too wide) in paragraph at lines 77--77
[][][][][][][][][][][][][][][][][][][][][][][][][][][][][][][] 
 []


Overfull \hbox (55.6709pt too wide) in paragraph at lines 77--77
[][][][][][][][][][][][][][][][][][][][] 
 []


Overfull \hbox (55.6709pt too wide) in paragraph at lines 77--77
[][][][][][][][][][][][][][][][][][][][][][][][][][][][][][][] 
 []


Overfull \hbox (3.05365pt too wide) in paragraph at lines 77--77
[][][][][][][][][][][][][][][][][] 
 []


Overfull \hbox (213.52264pt too wide) in paragraph at lines 77--77
[][][][][][][][][][][][][][][][][][][][][][][][][][][][][][][][][][][][][][][][
][][][][][][][][][] 
 []


Overfull \hbox (22.1872pt too wide) in paragraph at lines 77--77
[][][][][][][][][][][][][][][][][][][][][][][][][][][][][][][] 
 []


Overfull \hbox (46.10413pt too wide) in paragraph at lines 77--77
[][][][][][][][][][][][][][][][][][][][][][][][][][][] 
 []


Overfull \hbox (7.83704pt too wide) in paragraph at lines 77--77
[][][][][][][][][][][][][][][][] 
 []

[7]

LaTeX Warning: Reference `kadai5flow' on page 8 undefined on input line 82.

File: kadai5flow.eps Graphic file (type eps)
<kadai5flow.eps>
Overfull \hbox (213.52264pt too wide) in paragraph at lines 90--90
[][][][][][][][][][][][][][][][][][][][][][][][][][][][][][][][][][][][][][][][
][][][] 
 []


Overfull \hbox (17.40381pt too wide) in paragraph at lines 90--90
[][][][][][][][][][][][][][][][][][][][][][][][] 
 []


Overfull \hbox (22.1872pt too wide) in paragraph at lines 90--90
[][][][][][][][][][][][][][][][][][][][][][][][] 
 []


Overfull \hbox (223.08942pt too wide) in paragraph at lines 90--90
[][][][][][][][][][][][][][][][][][][][][][][][][][][][][][][][][][][][][][][][
][][][][][][][][][] 
 []


Overfull \hbox (3.05365pt too wide) in paragraph at lines 90--90
[][][][][][][][][][][][][][][][][][][][][][][][][][][][][] 
 []


Overfull \hbox (84.37122pt too wide) in paragraph at lines 90--90
[][][][][][][][][][][][][][][][][][][][][][][][][][][][][][][][][] 
 []


Overfull \hbox (3.05365pt too wide) in paragraph at lines 90--90
[][][][][][][][][][][][][][][][][][][] 
 []


Overfull \hbox (3.05365pt too wide) in paragraph at lines 90--90
[][][][][][][][][][][][][][][] 
 []


Overfull \hbox (31.75397pt too wide) in paragraph at lines 90--90
[][][][][][][][][][][][][][][][][][][][][] 
 []


Overfull \hbox (213.52264pt too wide) in paragraph at lines 90--90
[][][][][][][][][][][][][][][][][][][][][][][][][][][][][][][][][][][][][][][][
][][][][][][][][][] 
 []


Overfull \hbox (22.1872pt too wide) in paragraph at lines 90--90
[][][][][][][][][][][][][][][][][][][][][][][][][][][][][][][] 
 []

[8]
Overfull \hbox (46.10413pt too wide) in paragraph at lines 90--90
[][][][][][][][][][][][][][][][][][][][][][][][][][][] 
 []

[9]
Overfull \hbox (213.52264pt too wide) in paragraph at lines 96--96
[][][][][][][][][][][][][][][][][][][][][][][][][][][][][][][][][][][][][][][][
][][][] 
 []


Overfull \hbox (17.40381pt too wide) in paragraph at lines 96--96
[][][][][][][][][][][][][][][][][][][][][][][][] 
 []


Overfull \hbox (22.1872pt too wide) in paragraph at lines 96--96
[][][][][][][][][][][][][][][][][][][][][][][][] 
 []


Overfull \hbox (223.08942pt too wide) in paragraph at lines 96--96
[][][][][][][][][][][][][][][][][][][][][][][][][][][][][][][][][][][][][][][][
][][][][][][][][][] 
 []


Overfull \hbox (3.05365pt too wide) in paragraph at lines 96--96
[][][][][][][][][][][][][][][][][][][][][][][][][][][][][] 
 []


Overfull \hbox (17.40381pt too wide) in paragraph at lines 96--96
[][][][][][][][][][][][][][][][][][][][][][][][][][][] 
 []


Overfull \hbox (17.40381pt too wide) in paragraph at lines 96--96
[][][][][][][][][][][][][][][][][][][][][][][][][][][] 
 []


Overfull \hbox (17.40381pt too wide) in paragraph at lines 96--96
[][][][][][][][][][][][][][][][][][][][][][][][][][][] 
 []


Overfull \hbox (17.40381pt too wide) in paragraph at lines 96--96
[][][][][][][][][][][][][][][][][][][][][][][][][][][] 
 []

[10]
Overfull \hbox (7.83704pt too wide) in paragraph at lines 96--96
[][][][][][][][][][][][] 
 []


Overfull \hbox (7.83704pt too wide) in paragraph at lines 96--96
[][][][][][][][][][][][] 
 []


Overfull \hbox (7.83704pt too wide) in paragraph at lines 96--96
[][][][][][][][][][][][] 
 []


Overfull \hbox (31.75397pt too wide) in paragraph at lines 96--96
[][][][][][][][][][][][][][][][][][] 
 []

[11]
Overfull \hbox (136.98846pt too wide) in paragraph at lines 103--103
[][][][][][][][][][][][][][][][][][][][][][][][][][][][][][][] 
 []

[12]
LaTeX Font Info:    Font shape `OML/cmr/m/n' in size <10> not available
(Font)              Font shape `OML/cmm/m/it' tried instead on input line 114.

Overfull \hbox (9.00339pt too wide) in paragraph at lines 116--117
[][][][][][][][][][][][][][][][][][][][][] 
 []


Overfull \hbox (9.00339pt too wide) in paragraph at lines 117--118
[][][][][][][][][][][][][][][][][][][][][][][][][][] 
 []

[13] [14] [15] (./report.aux)

LaTeX Warning: There were undefined references.


LaTeX Warning: Label(s) may have changed. Rerun to get cross-references right.

 ) 
Here is how much of TeX's memory you used:
 1853 strings out of 494055
 25369 string characters out of 3159354
 134876 words of memory out of 3000000
 5306 multiletter control sequences out of 15000+200000
 10123 words of font info for 41 fonts, out of 3000000 for 9000
 745 hyphenation exceptions out of 8191
 31i,5n,32p,348b,1535s stack positions out of 5000i,500n,10000p,500000b,50000s

Output written on report.dvi (15 pages, 57884 bytes).
